EDA Netlist Writer report for pingpong
Thu Apr 04 14:20:16 2024
Quartus Prime Version 20.1.0 Build 711 06/05/2020 SJ Lite Edition


---------------------
; Table of Contents ;
---------------------
  1. Legal Notice
  2. EDA Netlist Writer Summary
  3. Simulation Settings
  4. Simulation Generated Files
  5. EDA Netlist Writer Messages



----------------
; Legal Notice ;
----------------
Copyright (C) 2020  Intel Corporation. All rights reserved.
Your use of Intel Corporation's design tools, logic functions 
and other software and tools, and any partner logic 
functions, and any output files from any of the foregoing 
(including device programming or simulation files), and any 
associated documentation or information are expressly subject 
to the terms and conditions of the Intel Program License 
Subscription Agreement, the Intel Quartus Prime License Agreement,
the Intel FPGA IP License Agreement, or other applicable license
agreement, including, without limitation, that your use is for
the sole purpose of programming logic devices manufactured by
Intel and sold by Intel or its authorized distributors.  Please
refer to the applicable agreement for further details, at
https://fpgasoftware.intel.com/eula.



+-------------------------------------------------------------------+
; EDA Netlist Writer Summary                                        ;
+---------------------------+---------------------------------------+
; EDA Netlist Writer Status ; Successful - Thu Apr 04 14:20:16 2024 ;
; Revision Name             ; pingpong                              ;
; Top-level Entity Name     ; Ping_Pong_Final                       ;
; Family                    ; MAX 10                                ;
; Simulation Files Creation ; Successful                            ;
+---------------------------+---------------------------------------+


+-------------------------------------------------------------------------------------------------------------------------------+
; Simulation Settings                                                                                                           ;
+---------------------------------------------------------------------------------------------------+---------------------------+
; Option                                                                                            ; Setting                   ;
+---------------------------------------------------------------------------------------------------+---------------------------+
; Tool Name                                                                                         ; ModelSim-Altera (Verilog) ;
; Generate functional simulation netlist                                                            ; On                        ;
; Truncate long hierarchy paths                                                                     ; Off                       ;
; Map illegal HDL characters                                                                        ; Off                       ;
; Flatten buses into individual nodes                                                               ; Off                       ;
; Maintain hierarchy                                                                                ; Off                       ;
; Bring out device-wide set/reset signals as ports                                                  ; Off                       ;
; Enable glitch filtering                                                                           ; Off                       ;
; Do not write top level VHDL entity                                                                ; Off                       ;
; Disable detection of setup and hold time violations in the input registers of bi-directional pins ; Off                       ;
; Architecture name in VHDL output netlist                                                          ; structure                 ;
; Generate third-party EDA tool command script for RTL functional simulation                        ; Off                       ;
; Generate third-party EDA tool command script for gate-level simulation                            ; Off                       ;
+---------------------------------------------------------------------------------------------------+---------------------------+


+------------------------------------------------------------------------------------------------------------------------------------------------------+
; Simulation Generated Files                                                                                                                           ;
+------------------------------------------------------------------------------------------------------------------------------------------------------+
; Generated Files                                                                                                                                      ;
+------------------------------------------------------------------------------------------------------------------------------------------------------+
; C:/Users/panem/OneDrive - York University/Lassonde Engineering (OneDrive)/Lassonde Engineering/W24/EECS 3216/Project/simulation/modelsim/pingpong.vo ;
+------------------------------------------------------------------------------------------------------------------------------------------------------+


+-----------------------------+
; EDA Netlist Writer Messages ;
+-----------------------------+
Info: *******************************************************************
Info: Running Quartus Prime EDA Netlist Writer
    Info: Version 20.1.0 Build 711 06/05/2020 SJ Lite Edition
    Info: Processing started: Thu Apr 04 14:20:15 2024
Info: Command: quartus_eda --read_settings_files=off --write_settings_files=off pingpong -c pingpong
Warning (18236): Number of processors has not been specified which may cause overloading on shared machines.  Set the global assignment NUM_PARALLEL_PROCESSORS in your QSF to an appropriate value for best performance.
Info (204001): Port "HEX[0][0]" is changed into "HEX_0_0" because it's a member of 2-D array port "HEX" File: C:/Users/panem/OneDrive - York University/Lassonde Engineering (OneDrive)/Lassonde Engineering/W24/EECS 3216/Project/Ping_Pong_Final.sv Line: 8
Info (204001): Port "HEX[0][1]" is changed into "HEX_0_1" because it's a member of 2-D array port "HEX" File: C:/Users/panem/OneDrive - York University/Lassonde Engineering (OneDrive)/Lassonde Engineering/W24/EECS 3216/Project/Ping_Pong_Final.sv Line: 8
Info (204001): Port "HEX[0][2]" is changed into "HEX_0_2" because it's a member of 2-D array port "HEX" File: C:/Users/panem/OneDrive - York University/Lassonde Engineering (OneDrive)/Lassonde Engineering/W24/EECS 3216/Project/Ping_Pong_Final.sv Line: 8
Info (204001): Port "HEX[0][3]" is changed into "HEX_0_3" because it's a member of 2-D array port "HEX" File: C:/Users/panem/OneDrive - York University/Lassonde Engineering (OneDrive)/Lassonde Engineering/W24/EECS 3216/Project/Ping_Pong_Final.sv Line: 8
Info (204001): Port "HEX[0][4]" is changed into "HEX_0_4" because it's a member of 2-D array port "HEX" File: C:/Users/panem/OneDrive - York University/Lassonde Engineering (OneDrive)/Lassonde Engineering/W24/EECS 3216/Project/Ping_Pong_Final.sv Line: 8
Info (204001): Port "HEX[0][5]" is changed into "HEX_0_5" because it's a member of 2-D array port "HEX" File: C:/Users/panem/OneDrive - York University/Lassonde Engineering (OneDrive)/Lassonde Engineering/W24/EECS 3216/Project/Ping_Pong_Final.sv Line: 8
Info (204001): Port "HEX[0][6]" is changed into "HEX_0_6" because it's a member of 2-D array port "HEX" File: C:/Users/panem/OneDrive - York University/Lassonde Engineering (OneDrive)/Lassonde Engineering/W24/EECS 3216/Project/Ping_Pong_Final.sv Line: 8
Info (204001): Port "HEX[0][7]" is changed into "HEX_0_7" because it's a member of 2-D array port "HEX" File: C:/Users/panem/OneDrive - York University/Lassonde Engineering (OneDrive)/Lassonde Engineering/W24/EECS 3216/Project/Ping_Pong_Final.sv Line: 8
Info (204001): Port "HEX[1][0]" is changed into "HEX_1_0" because it's a member of 2-D array port "HEX" File: C:/Users/panem/OneDrive - York University/Lassonde Engineering (OneDrive)/Lassonde Engineering/W24/EECS 3216/Project/Ping_Pong_Final.sv Line: 8
Info (204001): Port "HEX[1][1]" is changed into "HEX_1_1" because it's a member of 2-D array port "HEX" File: C:/Users/panem/OneDrive - York University/Lassonde Engineering (OneDrive)/Lassonde Engineering/W24/EECS 3216/Project/Ping_Pong_Final.sv Line: 8
Info (204001): Port "HEX[1][2]" is changed into "HEX_1_2" because it's a member of 2-D array port "HEX" File: C:/Users/panem/OneDrive - York University/Lassonde Engineering (OneDrive)/Lassonde Engineering/W24/EECS 3216/Project/Ping_Pong_Final.sv Line: 8
Info (204001): Port "HEX[1][3]" is changed into "HEX_1_3" because it's a member of 2-D array port "HEX" File: C:/Users/panem/OneDrive - York University/Lassonde Engineering (OneDrive)/Lassonde Engineering/W24/EECS 3216/Project/Ping_Pong_Final.sv Line: 8
Info (204001): Port "HEX[1][4]" is changed into "HEX_1_4" because it's a member of 2-D array port "HEX" File: C:/Users/panem/OneDrive - York University/Lassonde Engineering (OneDrive)/Lassonde Engineering/W24/EECS 3216/Project/Ping_Pong_Final.sv Line: 8
Info (204001): Port "HEX[1][5]" is changed into "HEX_1_5" because it's a member of 2-D array port "HEX" File: C:/Users/panem/OneDrive - York University/Lassonde Engineering (OneDrive)/Lassonde Engineering/W24/EECS 3216/Project/Ping_Pong_Final.sv Line: 8
Info (204001): Port "HEX[1][6]" is changed into "HEX_1_6" because it's a member of 2-D array port "HEX" File: C:/Users/panem/OneDrive - York University/Lassonde Engineering (OneDrive)/Lassonde Engineering/W24/EECS 3216/Project/Ping_Pong_Final.sv Line: 8
Info (204001): Port "HEX[1][7]" is changed into "HEX_1_7" because it's a member of 2-D array port "HEX" File: C:/Users/panem/OneDrive - York University/Lassonde Engineering (OneDrive)/Lassonde Engineering/W24/EECS 3216/Project/Ping_Pong_Final.sv Line: 8
Info (204001): Port "HEX[2][0]" is changed into "HEX_2_0" because it's a member of 2-D array port "HEX" File: C:/Users/panem/OneDrive - York University/Lassonde Engineering (OneDrive)/Lassonde Engineering/W24/EECS 3216/Project/Ping_Pong_Final.sv Line: 8
Info (204001): Port "HEX[2][1]" is changed into "HEX_2_1" because it's a member of 2-D array port "HEX" File: C:/Users/panem/OneDrive - York University/Lassonde Engineering (OneDrive)/Lassonde Engineering/W24/EECS 3216/Project/Ping_Pong_Final.sv Line: 8
Info (204001): Port "HEX[2][2]" is changed into "HEX_2_2" because it's a member of 2-D array port "HEX" File: C:/Users/panem/OneDrive - York University/Lassonde Engineering (OneDrive)/Lassonde Engineering/W24/EECS 3216/Project/Ping_Pong_Final.sv Line: 8
Info (204001): Port "HEX[2][3]" is changed into "HEX_2_3" because it's a member of 2-D array port "HEX" File: C:/Users/panem/OneDrive - York University/Lassonde Engineering (OneDrive)/Lassonde Engineering/W24/EECS 3216/Project/Ping_Pong_Final.sv Line: 8
Info (204001): Port "HEX[2][4]" is changed into "HEX_2_4" because it's a member of 2-D array port "HEX" File: C:/Users/panem/OneDrive - York University/Lassonde Engineering (OneDrive)/Lassonde Engineering/W24/EECS 3216/Project/Ping_Pong_Final.sv Line: 8
Info (204001): Port "HEX[2][5]" is changed into "HEX_2_5" because it's a member of 2-D array port "HEX" File: C:/Users/panem/OneDrive - York University/Lassonde Engineering (OneDrive)/Lassonde Engineering/W24/EECS 3216/Project/Ping_Pong_Final.sv Line: 8
Info (204001): Port "HEX[2][6]" is changed into "HEX_2_6" because it's a member of 2-D array port "HEX" File: C:/Users/panem/OneDrive - York University/Lassonde Engineering (OneDrive)/Lassonde Engineering/W24/EECS 3216/Project/Ping_Pong_Final.sv Line: 8
Info (204001): Port "HEX[2][7]" is changed into "HEX_2_7" because it's a member of 2-D array port "HEX" File: C:/Users/panem/OneDrive - York University/Lassonde Engineering (OneDrive)/Lassonde Engineering/W24/EECS 3216/Project/Ping_Pong_Final.sv Line: 8
Info (204001): Port "HEX[3][0]" is changed into "HEX_3_0" because it's a member of 2-D array port "HEX" File: C:/Users/panem/OneDrive - York University/Lassonde Engineering (OneDrive)/Lassonde Engineering/W24/EECS 3216/Project/Ping_Pong_Final.sv Line: 8
Info (204001): Port "HEX[3][1]" is changed into "HEX_3_1" because it's a member of 2-D array port "HEX" File: C:/Users/panem/OneDrive - York University/Lassonde Engineering (OneDrive)/Lassonde Engineering/W24/EECS 3216/Project/Ping_Pong_Final.sv Line: 8
Info (204001): Port "HEX[3][2]" is changed into "HEX_3_2" because it's a member of 2-D array port "HEX" File: C:/Users/panem/OneDrive - York University/Lassonde Engineering (OneDrive)/Lassonde Engineering/W24/EECS 3216/Project/Ping_Pong_Final.sv Line: 8
Info (204001): Port "HEX[3][3]" is changed into "HEX_3_3" because it's a member of 2-D array port "HEX" File: C:/Users/panem/OneDrive - York University/Lassonde Engineering (OneDrive)/Lassonde Engineering/W24/EECS 3216/Project/Ping_Pong_Final.sv Line: 8
Info (204001): Port "HEX[3][4]" is changed into "HEX_3_4" because it's a member of 2-D array port "HEX" File: C:/Users/panem/OneDrive - York University/Lassonde Engineering (OneDrive)/Lassonde Engineering/W24/EECS 3216/Project/Ping_Pong_Final.sv Line: 8
Info (204001): Port "HEX[3][5]" is changed into "HEX_3_5" because it's a member of 2-D array port "HEX" File: C:/Users/panem/OneDrive - York University/Lassonde Engineering (OneDrive)/Lassonde Engineering/W24/EECS 3216/Project/Ping_Pong_Final.sv Line: 8
Info (204001): Port "HEX[3][6]" is changed into "HEX_3_6" because it's a member of 2-D array port "HEX" File: C:/Users/panem/OneDrive - York University/Lassonde Engineering (OneDrive)/Lassonde Engineering/W24/EECS 3216/Project/Ping_Pong_Final.sv Line: 8
Info (204001): Port "HEX[3][7]" is changed into "HEX_3_7" because it's a member of 2-D array port "HEX" File: C:/Users/panem/OneDrive - York University/Lassonde Engineering (OneDrive)/Lassonde Engineering/W24/EECS 3216/Project/Ping_Pong_Final.sv Line: 8
Info (204001): Port "HEX[4][0]" is changed into "HEX_4_0" because it's a member of 2-D array port "HEX" File: C:/Users/panem/OneDrive - York University/Lassonde Engineering (OneDrive)/Lassonde Engineering/W24/EECS 3216/Project/Ping_Pong_Final.sv Line: 8
Info (204001): Port "HEX[4][1]" is changed into "HEX_4_1" because it's a member of 2-D array port "HEX" File: C:/Users/panem/OneDrive - York University/Lassonde Engineering (OneDrive)/Lassonde Engineering/W24/EECS 3216/Project/Ping_Pong_Final.sv Line: 8
Info (204001): Port "HEX[4][2]" is changed into "HEX_4_2" because it's a member of 2-D array port "HEX" File: C:/Users/panem/OneDrive - York University/Lassonde Engineering (OneDrive)/Lassonde Engineering/W24/EECS 3216/Project/Ping_Pong_Final.sv Line: 8
Info (204001): Port "HEX[4][3]" is changed into "HEX_4_3" because it's a member of 2-D array port "HEX" File: C:/Users/panem/OneDrive - York University/Lassonde Engineering (OneDrive)/Lassonde Engineering/W24/EECS 3216/Project/Ping_Pong_Final.sv Line: 8
Info (204001): Port "HEX[4][4]" is changed into "HEX_4_4" because it's a member of 2-D array port "HEX" File: C:/Users/panem/OneDrive - York University/Lassonde Engineering (OneDrive)/Lassonde Engineering/W24/EECS 3216/Project/Ping_Pong_Final.sv Line: 8
Info (204001): Port "HEX[4][5]" is changed into "HEX_4_5" because it's a member of 2-D array port "HEX" File: C:/Users/panem/OneDrive - York University/Lassonde Engineering (OneDrive)/Lassonde Engineering/W24/EECS 3216/Project/Ping_Pong_Final.sv Line: 8
Info (204001): Port "HEX[4][6]" is changed into "HEX_4_6" because it's a member of 2-D array port "HEX" File: C:/Users/panem/OneDrive - York University/Lassonde Engineering (OneDrive)/Lassonde Engineering/W24/EECS 3216/Project/Ping_Pong_Final.sv Line: 8
Info (204001): Port "HEX[4][7]" is changed into "HEX_4_7" because it's a member of 2-D array port "HEX" File: C:/Users/panem/OneDrive - York University/Lassonde Engineering (OneDrive)/Lassonde Engineering/W24/EECS 3216/Project/Ping_Pong_Final.sv Line: 8
Info (204001): Port "HEX[5][0]" is changed into "HEX_5_0" because it's a member of 2-D array port "HEX" File: C:/Users/panem/OneDrive - York University/Lassonde Engineering (OneDrive)/Lassonde Engineering/W24/EECS 3216/Project/Ping_Pong_Final.sv Line: 8
Info (204001): Port "HEX[5][1]" is changed into "HEX_5_1" because it's a member of 2-D array port "HEX" File: C:/Users/panem/OneDrive - York University/Lassonde Engineering (OneDrive)/Lassonde Engineering/W24/EECS 3216/Project/Ping_Pong_Final.sv Line: 8
Info (204001): Port "HEX[5][2]" is changed into "HEX_5_2" because it's a member of 2-D array port "HEX" File: C:/Users/panem/OneDrive - York University/Lassonde Engineering (OneDrive)/Lassonde Engineering/W24/EECS 3216/Project/Ping_Pong_Final.sv Line: 8
Info (204001): Port "HEX[5][3]" is changed into "HEX_5_3" because it's a member of 2-D array port "HEX" File: C:/Users/panem/OneDrive - York University/Lassonde Engineering (OneDrive)/Lassonde Engineering/W24/EECS 3216/Project/Ping_Pong_Final.sv Line: 8
Info (204001): Port "HEX[5][4]" is changed into "HEX_5_4" because it's a member of 2-D array port "HEX" File: C:/Users/panem/OneDrive - York University/Lassonde Engineering (OneDrive)/Lassonde Engineering/W24/EECS 3216/Project/Ping_Pong_Final.sv Line: 8
Info (204001): Port "HEX[5][5]" is changed into "HEX_5_5" because it's a member of 2-D array port "HEX" File: C:/Users/panem/OneDrive - York University/Lassonde Engineering (OneDrive)/Lassonde Engineering/W24/EECS 3216/Project/Ping_Pong_Final.sv Line: 8
Info (204001): Port "HEX[5][6]" is changed into "HEX_5_6" because it's a member of 2-D array port "HEX" File: C:/Users/panem/OneDrive - York University/Lassonde Engineering (OneDrive)/Lassonde Engineering/W24/EECS 3216/Project/Ping_Pong_Final.sv Line: 8
Info (204001): Port "HEX[5][7]" is changed into "HEX_5_7" because it's a member of 2-D array port "HEX" File: C:/Users/panem/OneDrive - York University/Lassonde Engineering (OneDrive)/Lassonde Engineering/W24/EECS 3216/Project/Ping_Pong_Final.sv Line: 8
Info (204019): Generated file pingpong.vo in folder "C:/Users/panem/OneDrive - York University/Lassonde Engineering (OneDrive)/Lassonde Engineering/W24/EECS 3216/Project/simulation/modelsim/" for EDA simulation tool
Info: Quartus Prime EDA Netlist Writer was successful. 0 errors, 1 warning
    Info: Peak virtual memory: 4645 megabytes
    Info: Processing ended: Thu Apr 04 14:20:16 2024
    Info: Elapsed time: 00:00:01
    Info: Total CPU time (on all processors): 00:00:01


